#
# There is insufficient memory for the Java Runtime Environment to continue.
# Native memory allocation (mmap) failed to map 671088640 bytes for Failed to commit area from 0x0000000580c00000 to 0x00000005a8c00000 of length 671088640.
# Possible reasons:
#   The system is out of physical RAM or swap space
#   The process is running with CompressedOops enabled, and the Java Heap may be blocking the growth of the native heap
# Possible solutions:
#   Reduce memory load on the system
#   Increase physical memory or swap space
#   Check if swap backing store is full
#   Decrease Java heap size (-Xmx/-Xms)
#   Decrease number of Java threads
#   Decrease Java thread stack sizes (-Xss)
#   Set larger code cache with -XX:ReservedCodeCacheSize=
# This output file may be truncated or incomplete.
#
#  Out of Memory Error (./src/hotspot/os/windows/os_windows.cpp:3303), pid=9660, tid=31276
#
# JRE version:  (11.0.9.1+11) (build )
# Java VM: OpenJDK 64-Bit Server VM (11.0.9.1+11-b1145.63, mixed mode, sharing, tiered, compressed oops, g1 gc, windows-amd64)
# No core dump will be written. Minidumps are not enabled by default on client versions of Windows
#

---------------  S U M M A R Y ------------

Command Line: org.jetbrains.git4idea.http.GitAskPassApp Username for 'https://github.com': 

Host: AMD Ryzen 7 3700X 8-Core Processor             , 16 cores, 39G,  Windows 10 , 64 bit Build 19041 (10.0.19041.804)
Time: Mon Mar  1 21:32:12 2021 Hora estándar de Venezuela elapsed time: 0.009279 seconds (0d 0h 0m 0s)

---------------  T H R E A D  ---------------

Current thread (0x00000236affd5800):  JavaThread "Unknown thread" [_thread_in_vm, id=31276, stack(0x0000005d44900000,0x0000005d44a00000)]

Stack: [0x0000005d44900000,0x0000005d44a00000]
Native frames: (J=compiled Java code, j=interpreted, Vv=VM code, C=native code)
V  [jvm.dll+0x5edd9a]
V  [jvm.dll+0x7229c5]
V  [jvm.dll+0x723f1d]
V  [jvm.dll+0x7245d3]
V  [jvm.dll+0x2431b8]
V  [jvm.dll+0x5eb234]
V  [jvm.dll+0x5e0325]
V  [jvm.dll+0x2fe60b]
V  [jvm.dll+0x2fe57a]
V  [jvm.dll+0x2fe452]
V  [jvm.dll+0x303346]
V  [jvm.dll+0x34ba83]
V  [jvm.dll+0x34c186]
V  [jvm.dll+0x34bb83]
V  [jvm.dll+0x2d9218]
V  [jvm.dll+0x2da3c7]
V  [jvm.dll+0x701a67]
V  [jvm.dll+0x70325c]
V  [jvm.dll+0x359049]
V  [jvm.dll+0x6e552e]
V  [jvm.dll+0x3c1353]
V  [jvm.dll+0x3c3571]
C  [jli.dll+0x5373]
C  [ucrtbase.dll+0x21bb2]
C  [KERNEL32.DLL+0x17034]
C  [ntdll.dll+0x4d241]


---------------  P R O C E S S  ---------------

Threads class SMR info:
_java_thread_list=0x00000236add845b0, length=0, elements={
}

Java Threads: ( => current thread )

Other Threads:
  0x00000236affe7800 GCTaskThread "GC Thread#0" [stack: 0x0000005d44a00000,0x0000005d44b00000] [id=23396]
  0x00000236b0085800 ConcurrentGCThread "G1 Main Marker" [stack: 0x0000005d44b00000,0x0000005d44c00000] [id=39880]
  0x00000236b0088000 ConcurrentGCThread "G1 Conc#0" [stack: 0x0000005d44c00000,0x0000005d44d00000] [id=39480]

[error occurred during error reporting (printing all threads), id 0xc0000005, EXCEPTION_ACCESS_VIOLATION (0xc0000005) at pc=0x00007ffeea2c9807]

VM state:not at safepoint (not fully initialized)

VM Mutex/Monitor currently owned by a thread:  ([mutex/lock_event])
[0x00000236affd0690] Heap_lock - owner thread: 0x00000236affd5800

Heap address: 0x0000000580c00000, size: 10228 MB, Compressed Oops mode: Non-zero based: 0x0000000580c00000
Narrow klass base: 0x0000000000000000, Narrow klass shift: 0

GC Heap History (0 events):
No events

Deoptimization events (0 events):
No events

Classes redefined (0 events):
No events

Internal exceptions (0 events):
No events

Events (1 events):
Event: 0.004 Loaded shared library C:\Program Files\JetBrains\WebStorm 2020.1.2\jbr\bin\zip.dll


Dynamic libraries:
0x00007ff701d60000 - 0x00007ff701d6a000 	C:\Program Files\JetBrains\WebStorm 2020.1.2\jbr\bin\java.exe
0x00007fff4a1d0000 - 0x00007fff4a3c6000 	C:\WINDOWS\SYSTEM32\ntdll.dll
0x00007fff48570000 - 0x00007fff4862d000 	C:\WINDOWS\System32\KERNEL32.DLL
0x00007fff47a20000 - 0x00007fff47ce9000 	C:\WINDOWS\System32\KERNELBASE.dll
0x00007fff48100000 - 0x00007fff48200000 	C:\WINDOWS\System32\ucrtbase.dll
0x00007fff431d0000 - 0x00007fff431e9000 	C:\Program Files\JetBrains\WebStorm 2020.1.2\jbr\bin\jli.dll
0x00007fff3d380000 - 0x00007fff3d397000 	C:\Program Files\JetBrains\WebStorm 2020.1.2\jbr\bin\VCRUNTIME140.dll
0x00007fff49700000 - 0x00007fff498a0000 	C:\WINDOWS\System32\USER32.dll
0x00007fff47cf0000 - 0x00007fff47d12000 	C:\WINDOWS\System32\win32u.dll
0x00007fff3acc0000 - 0x00007fff3af5b000 	C:\WINDOWS\WinSxS\amd64_microsoft.windows.common-controls_6595b64144ccf1df_6.0.19041.746_none_ca02b4b61b8320a4\COMCTL32.dll
0x00007fff487f0000 - 0x00007fff4881a000 	C:\WINDOWS\System32\GDI32.dll
0x00007fff49f40000 - 0x00007fff49fde000 	C:\WINDOWS\System32\msvcrt.dll
0x00007fff47910000 - 0x00007fff47a1b000 	C:\WINDOWS\System32\gdi32full.dll
0x00007fff48060000 - 0x00007fff480fd000 	C:\WINDOWS\System32\msvcp_win.dll
0x00007fff49950000 - 0x00007fff49980000 	C:\WINDOWS\System32\IMM32.DLL
0x00007fff269b0000 - 0x00007fff26a4d000 	C:\Program Files\JetBrains\WebStorm 2020.1.2\jbr\bin\msvcp140.dll
0x00007ffee9fe0000 - 0x00007ffeeaaae000 	C:\Program Files\JetBrains\WebStorm 2020.1.2\jbr\bin\server\jvm.dll
0x00007fff498a0000 - 0x00007fff4994c000 	C:\WINDOWS\System32\ADVAPI32.dll
0x00007fff4a040000 - 0x00007fff4a0dc000 	C:\WINDOWS\System32\sechost.dll
0x00007fff48630000 - 0x00007fff4875b000 	C:\WINDOWS\System32\RPCRT4.dll
0x00007fff48560000 - 0x00007fff48568000 	C:\WINDOWS\System32\PSAPI.DLL
0x00007fff30570000 - 0x00007fff30579000 	C:\WINDOWS\SYSTEM32\WSOCK32.dll
0x00007fff377b0000 - 0x00007fff377d7000 	C:\WINDOWS\SYSTEM32\WINMM.dll
0x00007fff3fd00000 - 0x00007fff3fd0a000 	C:\WINDOWS\SYSTEM32\VERSION.dll
0x00007fff494f0000 - 0x00007fff4955b000 	C:\WINDOWS\System32\WS2_32.dll
0x00007fff45760000 - 0x00007fff45772000 	C:\WINDOWS\SYSTEM32\kernel.appcore.dll
0x00007fff42920000 - 0x00007fff42931000 	C:\Program Files\JetBrains\WebStorm 2020.1.2\jbr\bin\verify.dll
0x00007fff3f2b0000 - 0x00007fff3f494000 	C:\WINDOWS\SYSTEM32\DBGHELP.DLL
0x00007fff3f280000 - 0x00007fff3f2ac000 	C:\WINDOWS\SYSTEM32\dbgcore.DLL
0x00007fff47fe0000 - 0x00007fff48060000 	C:\WINDOWS\System32\bcryptPrimitives.dll
0x00007fff38850000 - 0x00007fff38879000 	C:\Program Files\JetBrains\WebStorm 2020.1.2\jbr\bin\java.dll
0x00007fff42910000 - 0x00007fff4291b000 	C:\Program Files\JetBrains\WebStorm 2020.1.2\jbr\bin\jimage.dll
0x00007fff3fea0000 - 0x00007fff3feb8000 	C:\Program Files\JetBrains\WebStorm 2020.1.2\jbr\bin\zip.dll

dbghelp: loaded successfully - version: 4.0.5 - missing functions: none
symbol engine: initialized successfully - sym options: 0x614 - pdb path: .;C:\Program Files\JetBrains\WebStorm 2020.1.2\jbr\bin;C:\WINDOWS\SYSTEM32;C:\WINDOWS\WinSxS\amd64_microsoft.windows.common-controls_6595b64144ccf1df_6.0.19041.746_none_ca02b4b61b8320a4;C:\Program Files\JetBrains\WebStorm 2020.1.2\jbr\bin\server

VM Arguments:
java_command: org.jetbrains.git4idea.http.GitAskPassApp Username for 'https://github.com': 
java_class_path (initial): C:/Program Files/JetBrains/WebStorm 2020.1.2/plugins/git4idea/lib/git4idea-rt.jar;C:/Program Files/JetBrains/WebStorm 2020.1.2/lib/xmlrpc-2.0.1.jar;C:/Program Files/JetBrains/WebStorm 2020.1.2/lib/commons-codec-1.14.jar
Launcher Type: SUN_STANDARD

[Global flags]
     intx CICompilerCount                          = 12                                        {product} {ergonomic}
     uint ConcGCThreads                            = 3                                         {product} {ergonomic}
     uint G1ConcRefinementThreads                  = 13                                        {product} {ergonomic}
   size_t G1HeapRegionSize                         = 2097152                                   {product} {ergonomic}
    uintx GCDrainStackTargetSize                   = 64                                        {product} {ergonomic}
   size_t InitialHeapSize                          = 671088640                                 {product} {ergonomic}
   size_t MarkStackSize                            = 4194304                                   {product} {ergonomic}
   size_t MaxHeapSize                              = 10724835328                               {product} {ergonomic}
   size_t MinHeapDeltaBytes                        = 2097152                                   {product} {ergonomic}
    uintx NonNMethodCodeHeapSize                   = 7594288                                {pd product} {ergonomic}
    uintx NonProfiledCodeHeapSize                  = 122031976                              {pd product} {ergonomic}
    uintx ProfiledCodeHeapSize                     = 122031976                              {pd product} {ergonomic}
    uintx ReservedCodeCacheSize                    = 251658240                              {pd product} {ergonomic}
     bool SegmentedCodeCache                       = true                                      {product} {ergonomic}
     bool UseCompressedClassPointers               = true                                 {lp64_product} {ergonomic}
     bool UseCompressedOops                        = true                                 {lp64_product} {ergonomic}
     bool UseG1GC                                  = true                                      {product} {ergonomic}
     bool UseLargePagesIndividualAllocation        = false                                  {pd product} {ergonomic}

Logging:
Log output configuration:
 #0: stdout all=warning uptime,level,tags
 #1: stderr all=off uptime,level,tags

Environment Variables:
JAVA_HOME=C:\Program Files\Java\jdk1.8.0_241
JRE_HOME=C:\Program Files\Java\jre1.8.0_211
PATH=C:\Program Files\Git\mingw64\libexec\git-core;C:\Program Files\Git\mingw64\libexec\git-core;C:\Program Files\Git\mingw64\bin;C:\Program Files\Git\usr\bin;C:\Users\ninja\bin;C:\Python39\Scripts;C:\Python39;C:\Program Files (x86)\MKS Toolkit\mksnt;C:\PROGRA~2\MKSTOO~1\bin64;C:\PROGRA~2\MKSTOO~1\bin;C:\PROGRA~2\MKSTOO~1\bin\X11;C:\PROGRA~2\MKSTOO~1\mksnt;C:\IBM\InformationServer\jdk32\jre\bin;C:\IBM\InformationServer\jdk32\jre\bin\j9vm;C:\IBM\InformationServer\ASBNode\lib\cpp;C:\IBM\InformationServer\ASBNode\apps\proxy\cpp\vc60\MT_dll\bin;C:\Program Files (x86)\Common Files\Oracle\Java\javapath;C:\WINDOWS\system32;C:\WINDOWS;C:\WINDOWS\System32\Wbem;C:\WINDOWS\System32\WindowsPowerShell\v1.0;C:\WINDOWS\System32\OpenSSH;C:\Program Files (x86)\AMD\ATI.ACE\Core-Static;C:\Program Files (x86)\Yarn\bin;C:\Program Files (x86)\Bitvise SSH Client;C:\Program Files (x86)\ATI Technologies\ATI.ACE\Core-Static;C:\Program Files\Git\cmd;C:\Program Files (x86)\Google\Cloud SDK\google-cloud-sdk\bin;C:\xampp\php;C:\ProgramData\ComposerSetup\bin;C:\Program Files\TortoiseGit\bin;C:\Program Files\Docker\Docker\resources\bin;C:\ProgramData\DockerDesktop\version-bin;C:\Program Files\nodejs;C:\ProgramData\chocolatey\bin;C:\Users\ninja\AppData\Local\Microsoft\WindowsApps;C:\Users\ninja\AppData\Local\Yarn\bin;C:\Program Files\JetBrains\IntelliJ IDEA 2019.2.3\bin;C:\Users\ninja\AppData\Roaming\Composer\vendor\bin;C:\Users\ninja\AppData\Roaming\npm
USERNAME=ninja
SHELL=C:/PROGRA~2/MKSTOO~1/mksnt/sh.exe
DISPLAY=:0.0
LC_ALL=en_US.UTF-8
OS=Windows_NT
PROCESSOR_IDENTIFIER=AMD64 Family 23 Model 113 Stepping 0, AuthenticAMD



---------------  S Y S T E M  ---------------

OS: Windows 10 , 64 bit Build 19041 (10.0.19041.804)
OS uptime: 17 days 15:05 hours
HyperV virtualization detected

CPU:total 16 (initial active 16) (16 cores per cpu, 2 threads per core) family 23 model 113 stepping 0, cmov, cx8, fxsr, mmx, sse, sse2, sse3, ssse3, sse4.1, sse4.2, popcnt, avx, avx2, aes, clmul, mmxext, 3dnowpref, lzcnt, sse4a, ht, tsc, tscinvbit, tscinv, bmi1, bmi2, adx, sha, fma

Memory: 4k page, system-wide physical 40905M (6144M free)
TotalPageFile size 47905M (AvailPageFile size 363M)
current process WorkingSet (physical memory assigned to process): 10M, peak: 10M
current process commit charge ("private bytes"): 72M, peak: 711M

vm_info: OpenJDK 64-Bit Server VM (11.0.9.1+11-b1145.63) for windows-amd64 JRE (11.0.9.1+11-b1145.63), built on Dec 21 2020 13:58:54 by "" with MS VC++ 14.0 (VS2015)

END.
